40.823878 1.012993 0.000130
40.867430 1.013170 0.000130
40.910983 1.013491 0.000130
40.949034 1.013803 0.000151
40.965996 1.013920 0.000733
40.967372 1.013858 0.000733
40.968747 1.013181 0.000733
40.970122 1.010934 0.000732
40.971498 1.008006 0.000732
40.972873 1.004517 0.000731
40.974248 1.001085 0.000731
40.975624 0.998185 0.000731
40.976999 0.997964 0.000730
40.978374 0.997167 0.000730
40.979750 0.995743 0.000730
40.981125 0.994821 0.000729
40.982501 0.995052 0.000729
40.983876 0.993380 0.000729
40.985251 0.994427 0.000729
40.986627 0.992287 0.000729
40.988002 0.993805 0.000728
40.989377 0.992903 0.000728
40.990753 0.993933 0.000729
40.992128 0.994766 0.000730
40.993503 0.994199 0.000730
40.994879 0.992130 0.000731
40.996254 0.992558 0.000732
40.997629 0.995165 0.000732
40.999005 0.994288 0.000733
41.000380 0.993980 0.000733
41.001755 0.993562 0.000733
41.003131 0.991939 0.000732
41.004506 0.992546 0.000732
41.005881 0.992785 0.000731
41.007257 0.992131 0.000730
41.008632 0.992059 0.000730
41.010007 0.993642 0.000729
41.011383 0.994042 0.000729
41.012758 0.992479 0.000729
41.014133 0.995281 0.000729
41.015509 0.994904 0.000729
41.016884 0.994571 0.000729
41.018259 0.996121 0.000729
41.019635 0.995522 0.000730
41.021010 0.996782 0.000730
41.022385 0.996752 0.000730
41.023761 0.997577 0.000730
41.025136 0.999676 0.000731
41.026512 1.004048 0.000731
41.027887 1.006650 0.000731
41.029262 1.012003 0.000732
41.030638 1.013217 0.000732
41.032013 1.014103 0.000733
41.033388 1.013802 0.000733
41.034305 1.014166 0.001269
41.056311 1.014769 0.000130
41.099863 1.015275 0.000130
41.143416 1.015740 0.000130
41.186968 1.015888 0.000130
41.230521 1.016210 0.000130
41.274073 1.016627 0.000130
41.317626 1.016681 0.000130
41.361179 1.017082 0.000130
41.404731 1.017232 0.000130
41.448284 1.018000 0.000130
41.491836 1.018257 0.000130
41.535389 1.018431 0.000130
41.578941 1.018747 0.000130
41.622494 1.019187 0.000130
41.666047 1.019097 0.000131
41.709599 1.019360 0.000130
41.753152 1.019992 0.000131
41.796704 1.020091 0.000131
41.840257 1.020090 0.000130
41.883810 1.020455 0.000131
41.926445 1.020518 0.000133
41.957391 1.020581 0.000218
41.965872 1.021405 0.000734
41.967247 1.020463 0.000734
41.968622 1.020886 0.000734
41.969998 1.017742 0.000734
41.971373 1.015258 0.000733
41.972749 1.011491 0.000733
41.974124 1.009439 0.000732
41.975499 1.005439 0.000732
41.976875 1.004483 0.000731
41.978250 1.003407 0.000731
41.979625 1.003168 0.000731
41.981001 1.001182 0.000730
41.982376 1.001539 0.000730
41.983751 1.001199 0.000730
41.985127 1.000481 0.000730
41.986502 1.000811 0.000730
41.987877 1.001184 0.000730
41.989253 0.999113 0.000730
41.990628 1.000548 0.000730
41.992003 0.999810 0.000730
41.993379 0.998715 0.000730
41.994754 1.001723 0.000730
41.996129 1.000844 0.000730
41.997505 1.000000 0.000730
41.998880 1.000360 0.000730
42.000255 0.998948 0.000730
42.001631 0.999986 0.000730
42.003006 1.000178 0.000730
42.004381 0.999505 0.000730
42.005757 0.999926 0.000730
42.007132 0.999946 0.000730
42.008508 0.999634 0.000730
42.009883 1.000283 0.000731
42.011258 0.999877 0.000731
42.012634 1.001358 0.000731
42.014009 1.001156 0.000731
42.015384 1.001579 0.000731
42.016760 1.002177 0.000731
42.018135 1.002136 0.000731
42.019510 1.003252 0.000731
42.020886 1.003034 0.000731
42.022261 1.003620 0.000731
42.023636 1.004114 0.000731
42.025012 1.007013 0.000731
42.026387 1.011621 0.000732
42.027762 1.014007 0.000732
42.029138 1.017674 0.000733
42.030284 1.020375 0.000898
42.056874 1.021820 0.000133
42.099739 1.021919 0.000131
42.143291 1.022378 0.000131
42.186844 1.022441 0.000131
42.230397 1.022923 0.000131
42.273949 1.023159 0.000131
42.317502 1.023376 0.000131
42.361054 1.023259 0.000131
42.404607 1.023152 0.000131
42.448160 1.023641 0.000131
42.491712 1.023407 0.000131
42.535265 1.023755 0.000131
42.578817 1.023212 0.000131
42.622370 1.023475 0.000131
42.665923 1.023272 0.000131
42.709475 1.023475 0.000131
42.753028 1.023269 0.000131
42.796581 1.023239 0.000131
42.840133 1.022919 0.000131
42.883686 1.022835 0.000131
42.927239 1.022763 0.000131
42.957267 1.022773 0.000212
42.966207 1.023601 0.000735
42.967582 1.022873 0.000735
42.968957 1.021374 0.000735
42.970333 1.018440 0.000734
42.971708 1.017715 0.000734
42.973083 1.014464 0.000734
42.974459 1.011932 0.000734
42.975834 1.009266 0.000733
42.977209 1.005114 0.000733
42.978585 1.002877 0.000732
42.979960 1.003695 0.000732
42.981336 1.002915 0.000731
42.982711 1.000346 0.000731
42.984086 1.001767 0.000730
42.985462 1.000191 0.000730
42.986837 0.998729 0.000730
42.988212 1.000612 0.000730
42.989588 1.000418 0.000730
42.990963 1.000668 0.000730
42.992338 1.000220 0.000730
42.993714 1.000604 0.000730
42.995089 1.001706 0.000730
42.996464 1.000959 0.000730
42.997840 1.001226 0.000730
42.999215 1.000784 0.000730
43.000590 1.000990 0.000730
43.001966 1.000740 0.000730
43.003341 1.000981 0.000730
43.004716 0.999657 0.000730
43.006092 1.000435 0.000730
43.007467 1.001161 0.000730
43.008842 1.000503 0.000730
43.010218 1.001686 0.000730
43.011593 1.001440 0.000730
43.012969 1.001637 0.000730
43.014344 1.001801 0.000730
43.015719 1.001992 0.000730
43.017095 1.003225 0.000730
43.018470 1.003147 0.000731
43.019845 1.004123 0.000731
43.021221 1.004281 0.000732
43.022596 1.005223 0.000732
43.023971 1.005971 0.000733
43.025347 1.008484 0.000733
43.026722 1.012312 0.000734
43.028097 1.015474 0.000734
43.029473 1.018904 0.000734
43.030848 1.021228 0.000734
43.032223 1.021820 0.000734
43.033599 1.021579 0.000734
43.034516 1.023112 0.001272
43.056521 1.021797 0.000131
43.100074 1.021955 0.000131
43.143626 1.021348 0.000131
43.187179 1.021047 0.000131
43.230732 1.020686 0.000131
43.274284 1.020508 0.000130
43.317837 1.020140 0.000131
43.361390 1.019843 0.000131
43.404942 1.019088 0.000130
43.448495 1.018330 0.000130
43.492048 1.018136 0.000130
43.535600 1.017568 0.000130
43.579153 1.017084 0.000130
43.622706 1.016524 0.000130
43.666258 1.016351 0.000130
43.709811 1.015939 0.000130
43.753364 1.015375 0.000130
43.796916 1.014764 0.000130
43.840469 1.014248 0.000130
43.884022 1.013812 0.000130
43.927574 1.013103 0.000130
43.957374 1.013078 0.000215
43.966084 1.011717 0.000732
43.967460 1.011868 0.000732
43.968835 1.011742 0.000732
43.970210 1.010780 0.000731
43.971586 1.007097 0.000731
43.972961 1.004380 0.000730
43.974336 0.999619 0.000730
43.975712 0.996567 0.000729
43.977087 0.996456 0.000729
43.978462 0.995214 0.000729
43.979838 0.994545 0.000729
43.981213 0.992580 0.000729
43.982588 0.992375 0.000729
43.983964 0.992386 0.000729
43.985339 0.991891 0.000728
43.986714 0.992558 0.000728
43.988090 0.993782 0.000728
43.989465 0.992690 0.000728
43.990841 0.993789 0.000728
43.992216 0.992643 0.000728
43.993591 0.992240 0.000728
43.994967 0.990731 0.000727
43.996342 0.990605 0.000727
43.997717 0.988099 0.000727
43.999093 0.989233 0.000727
44.000468 0.988729 0.000727
44.001843 0.988609 0.000728
44.003219 0.988427 0.000728
44.004594 0.989909 0.000728
44.005969 0.989645 0.000728
44.007345 0.990328 0.000728
44.008720 0.989899 0.000728
44.010095 0.990348 0.000728
44.011471 0.990426 0.000728
44.012846 0.990521 0.000728
44.014221 0.991251 0.000728
44.015597 0.992855 0.000728
44.016972 0.993691 0.000728
44.018347 0.993135 0.000728
44.019723 0.993365 0.000729
44.021098 0.993830 0.000729
44.022473 0.994653 0.000730
44.023849 0.995343 0.000730
44.025224 0.996761 0.000731
44.026600 1.001075 0.000731
44.027975 1.005328 0.000732
44.029350 1.007928 0.000732
44.030726 1.011103 0.000733
44.032101 1.011809 0.000733
44.033476 1.011923 0.000733
44.034393 1.012356 0.001270
44.058380 1.011738 0.000138
44.099951 1.011536 0.000130
44.143504 1.010800 0.000130
44.187057 1.010309 0.000130
44.230610 1.010294 0.000130
44.274162 1.009687 0.000130
44.317715 1.009286 0.000130
44.361268 1.008741 0.000130
44.404820 1.008377 0.000130
44.448373 1.007739 0.000130
44.491926 1.007809 0.000130
44.535478 1.007700 0.000130
44.579031 1.007663 0.000130
44.622584 1.007513 0.000130
44.666137 1.007332 0.000130
44.709689 1.007405 0.000130
44.753242 1.007627 0.000130
44.796795 1.008069 0.000130
44.840347 1.007843 0.000130
44.883900 1.008266 0.000130
44.927453 1.008351 0.000130
44.957252 1.008945 0.000214
44.965963 1.010677 0.000732
44.967338 1.007690 0.000732
44.968713 1.009238 0.000731
44.970089 1.006309 0.000731
44.971464 1.003313 0.000731
44.972839 0.998651 0.000730
44.974215 0.995865 0.000730
44.975590 0.992222 0.000729
44.976965 0.992017 0.000729
44.978341 0.989967 0.000729
44.979716 0.990066 0.000728
44.981092 0.988234 0.000728
44.982467 0.989104 0.000728
44.983842 0.988687 0.000728
44.985218 0.989179 0.000728
44.986593 0.989317 0.000728
44.987968 0.988902 0.000728
44.989344 0.987527 0.000728
44.990719 0.988909 0.000728
44.992094 0.987274 0.000728
44.993470 0.989007 0.000728
44.994845 0.987024 0.000728
44.996220 0.987561 0.000728
44.997596 0.987190 0.000728
44.998971 0.988139 0.000728
45.000346 0.987934 0.000728
45.001722 0.986356 0.000728
45.003097 0.986952 0.000728
45.004472 0.987523 0.000728
45.005848 0.988869 0.000728
45.007223 0.990060 0.000728
45.008599 0.991127 0.000728
45.009974 0.991155 0.000728
45.011349 0.991676 0.000728
45.012725 0.991238 0.000728
45.014100 0.989641 0.000728
45.015475 0.990518 0.000728
45.016851 0.989185 0.000728
45.018226 0.989383 0.000728
45.019601 0.989236 0.000728
45.020977 0.990133 0.000728
45.022352 0.991659 0.000728
45.023727 0.992612 0.000729
45.025103 0.995369 0.000729
45.026478 0.999868 0.000730
45.027853 1.002219 0.000730
45.029229 1.006280 0.000731
45.030604 1.008371 0.000731
45.031980 1.009922 0.000732
45.033355 1.008949 0.000732
45.034272 1.013094 0.001268
45.056277 1.010164 0.000130
45.099830 1.010930 0.000130
45.143383 1.011319 0.000130
45.186936 1.012354 0.000130
45.230488 1.012719 0.000130
45.274041 1.013752 0.000130
45.317594 1.014432 0.000130
45.361147 1.015233 0.000130
45.404699 1.016143 0.000131
45.448252 1.017023 0.000131
45.491805 1.017346 0.000131
45.535358 1.018628 0.000130
45.578910 1.019643 0.000131
45.622463 1.020322 0.000131
45.666016 1.021390 0.000131
45.709569 1.021781 0.000131
45.753121 1.022814 0.000131
45.796674 1.023558 0.000131
45.840227 1.024170 0.000131
45.883780 1.024714 0.000131
45.927332 1.025614 0.000131
45.957361 1.025875 0.000213
45.966301 1.025548 0.000737
45.967676 1.026014 0.000736
45.969051 1.025571 0.000736
45.970427 1.022386 0.000736
45.971802 1.020436 0.000736
45.973178 1.015503 0.000735
45.974553 1.012402 0.000734
45.975928 1.009100 0.000734
45.977304 1.007067 0.000733
45.978679 1.007607 0.000732
45.980054 1.007301 0.000732
45.981430 1.005260 0.000731
45.982805 1.005481 0.000731
45.984180 1.005004 0.000731
45.985556 1.004067 0.000731
45.986931 1.004231 0.000731
45.988306 1.003286 0.000731
45.989682 1.004427 0.000731
45.991057 1.003371 0.000731
45.992432 1.002485 0.000731
45.993808 1.004482 0.000731
45.995183 1.005039 0.000731
45.996558 1.004987 0.000731
45.997934 1.004215 0.000731
45.999309 1.004237 0.000731
46.000684 1.002291 0.000731
46.002060 1.003453 0.000731
46.003435 1.004427 0.000731
46.004811 1.002905 0.000731
46.006186 1.004926 0.000731
46.007561 1.004737 0.000731
46.008937 1.006151 0.000731
46.010312 1.004947 0.000731
46.011687 1.006195 0.000731
46.013063 1.005956 0.000731
46.014438 1.007419 0.000731
46.015813 1.006961 0.000731
46.017189 1.007471 0.000731
46.018564 1.007928 0.000732
46.019939 1.007297 0.000732
46.021315 1.009249 0.000732
46.022690 1.010028 0.000733
46.024065 1.011211 0.000733
46.025441 1.013907 0.000733
46.026816 1.019428 0.000734
46.028192 1.020823 0.000734
46.029567 1.023634 0.000735
46.030942 1.026705 0.000735
46.032318 1.026555 0.000736
46.033693 1.026099 0.000736
46.057058 1.027200 0.000139
46.099710 1.027977 0.000131
46.143263 1.028422 0.000131
46.186815 1.028867 0.000131
46.230368 1.029143 0.000131
46.273921 1.029734 0.000131
46.317474 1.029593 0.000131
46.361026 1.030079 0.000131
46.404579 1.030315 0.000131
46.448132 1.030491 0.000131
46.491685 1.030207 0.000131
46.535238 1.030331 0.000131
46.578790 1.030050 0.000131
46.622343 1.029937 0.000131
46.665896 1.029847 0.000131
46.709449 1.029742 0.000131
46.753002 1.029418 0.000131
46.796555 1.028999 0.000131
46.840107 1.028706 0.000131
46.883660 1.028324 0.000131
46.927213 1.027800 0.000131
46.957242 1.027392 0.000213
46.966181 1.027682 0.000736
46.967557 1.026358 0.000736
46.968932 1.026338 0.000736
46.970307 1.024941 0.000735
46.971683 1.020958 0.000735
46.973058 1.018229 0.000735
46.974433 1.012928 0.000734
46.975809 1.010709 0.000734
46.977184 1.010436 0.000734
46.978559 1.008488 0.000733
46.979935 1.010501 0.000733
46.981310 1.009092 0.000733
46.982685 1.008130 0.000732
46.984061 1.009267 0.000732
46.985436 1.008086 0.000732
46.986812 1.005930 0.000732
46.988187 1.004898 0.000731
46.989562 1.004548 0.000731
46.990938 1.004262 0.000731
46.992313 1.004865 0.000731
46.993688 1.004848 0.000731
46.995064 1.002982 0.000731
46.996439 1.002322 0.000731
46.997814 1.002452 0.000731
46.999190 1.001221 0.000731
47.000565 1.002244 0.000731
47.001940 1.001908 0.000731
47.003316 1.003691 0.000731
47.004691 1.002353 0.000731
47.006067 1.003731 0.000732
47.007442 1.002857 0.000731
47.008817 1.004338 0.000731
47.010193 1.003374 0.000731
47.011568 1.003821 0.000731
47.012943 1.005417 0.000731
47.014319 1.005350 0.000731
47.015694 1.005892 0.000731
47.017069 1.006014 0.000731
47.018445 1.006589 0.000732
47.019820 1.008579 0.000732
47.021195 1.007402 0.000733
47.022571 1.009031 0.000734
47.023946 1.010298 0.000734
47.025321 1.012372 0.000735
47.026697 1.017533 0.000735
47.028072 1.020990 0.000736
47.029447 1.022716 0.000736
47.030823 1.025696 0.000736
47.032198 1.026274 0.000737
47.033574 1.025146 0.000737
47.034490 1.025886 0.001276
47.056496 1.025799 0.000131
47.100049 1.025295 0.000131
47.143602 1.024442 0.000131
47.187155 1.023861 0.000131
47.230707 1.023218 0.000131
47.274260 1.022448 0.000131
47.317813 1.021665 0.000131
47.361366 1.020915 0.000131
47.404919 1.020010 0.000131
47.448472 1.019132 0.000131
47.492024 1.018211 0.000131
47.535577 1.017543 0.000131
47.579130 1.016766 0.000131
47.622683 1.015866 0.000131
47.666236 1.015276 0.000131
47.709789 1.014510 0.000131
47.753342 1.013619 0.000130
47.796894 1.013019 0.000131
47.840447 1.012391 0.000130
47.884000 1.011325 0.000130
47.927553 1.010661 0.000130
47.957352 1.010467 0.000215
47.966063 1.012639 0.000733
47.967438 1.011124 0.000732
47.968814 1.008713 0.000732
47.970189 1.008095 0.000731
47.971564 1.003634 0.000731
47.972940 1.001415 0.000730
47.974315 0.997346 0.000729
47.975690 0.995129 0.000729
47.977066 0.993093 0.000729
47.978441 0.992471 0.000728
47.979816 0.990953 0.000728
47.981192 0.990533 0.000728
47.982567 0.990929 0.000728
47.983942 0.990140 0.000728
47.985318 0.989987 0.000728
47.986693 0.989452 0.000728
47.988069 0.988590 0.000728
47.989444 0.989644 0.000728
47.990819 0.989465 0.000728
47.992195 0.988727 0.000728
47.993570 0.990104 0.000727
47.994945 0.988285 0.000727
47.996321 0.989173 0.000727
47.997696 0.989787 0.000727
47.999071 0.988444 0.000727
48.000447 0.988534 0.000727
48.001822 0.989454 0.000727
48.003197 0.988383 0.000727
48.004573 0.990900 0.000727
48.005948 0.990195 0.000727
48.007323 0.987490 0.000727
48.008699 0.987868 0.000727
48.010074 0.987498 0.000727
48.011450 0.987705 0.000727
48.012825 0.988465 0.000727
48.014200 0.988774 0.000727
48.015576 0.988493 0.000727
48.016951 0.990571 0.000727
48.018326 0.989563 0.000727
48.019702 0.990275 0.000727
48.021077 0.990813 0.000728
48.022452 0.990894 0.000729
48.023828 0.992317 0.000729
48.025203 0.994597 0.000730
48.026578 0.997781 0.000731
48.027954 1.003113 0.000732
48.029329 1.005356 0.000733
48.030704 1.009090 0.000733
48.032080 1.010994 0.000734
48.033455 1.009062 0.000733
48.034372 1.012108 0.001270
48.056258 1.009294 0.000139
48.099931 1.009027 0.000130
48.143484 1.008548 0.000130
48.187036 1.008238 0.000130
48.230589 1.007681 0.000130
48.274142 1.007654 0.000130
48.317695 1.007496 0.000130
48.361248 1.007297 0.000130
48.404801 1.007047 0.000130
48.448354 1.007198 0.000130
48.491907 1.006940 0.000130
48.535459 1.007073 0.000130
48.579012 1.007527 0.000130
48.622565 1.007407 0.000130
48.666118 1.007444 0.000130
48.709671 1.007736 0.000130
48.753224 1.007733 0.000130
48.796777 1.008095 0.000130
48.840330 1.008444 0.000130
48.883883 1.008505 0.000130
48.927436 1.008782 0.000130
48.957235 1.009348 0.000215
48.965945 1.009653 0.000733
48.967321 1.010121 0.000733
48.968696 1.008599 0.000733
48.970072 1.007793 0.000732
48.971447 1.003173 0.000732
48.972822 1.000956 0.000731
48.974198 0.995504 0.000730
48.975573 0.993179 0.000730
48.976948 0.991943 0.000729
48.978324 0.991181 0.000728
48.979699 0.989985 0.000728
48.981074 0.990729 0.000727
48.982450 0.990587 0.000727
48.983825 0.989891 0.000727
48.985200 0.988880 0.000727
48.986576 0.988316 0.000727
48.987951 0.989185 0.000727
48.989326 0.987731 0.000727
48.990702 0.988487 0.000727
48.992077 0.989090 0.000727
48.993453 0.988328 0.000727
48.994828 0.988041 0.000727
48.996203 0.986745 0.000727
48.997579 0.985690 0.000727
48.998954 0.988889 0.000727
49.000329 0.987885 0.000727
49.001705 0.988001 0.000727
49.003080 0.986473 0.000727
49.004455 0.988502 0.000727
49.005831 0.988276 0.000727
49.007206 0.987776 0.000727
49.008581 0.987924 0.000727
49.009957 0.987752 0.000727
49.011332 0.988281 0.000727
49.012708 0.988209 0.000727
49.014083 0.989169 0.000728
49.015458 0.991327 0.000728
49.016834 0.989802 0.000728
49.018209 0.989906 0.000728
49.019584 0.991645 0.000728
49.020960 0.992694 0.000728
49.022335 0.991016 0.000728
49.023710 0.993867 0.000729
49.025086 0.995890 0.000729
49.026461 0.997744 0.000730
49.027836 1.002309 0.000730
49.029212 1.005954 0.000731
49.030587 1.008567 0.000732
49.031963 1.009655 0.000732
49.033338 1.010422 0.000733
49.034255 1.009712 0.001270
49.056260 1.009739 0.000130
49.099813 1.010491 0.000130
49.143366 1.010838 0.000130
49.186919 1.011450 0.000130
49.230472 1.011690 0.000130
49.274025 1.012153 0.000130
49.317578 1.012324 0.000130
49.361131 1.012772 0.000130
49.404684 1.013100 0.000130
49.448237 1.013695 0.000130
49.491790 1.014259 0.000130
49.535343 1.014563 0.000130
49.578896 1.014550 0.000130
49.622448 1.014832 0.000131
49.666001 1.015263 0.000130
49.709554 1.015550 0.000130
49.753107 1.015659 0.000131
49.796660 1.015926 0.000131
49.840213 1.016500 0.000131
49.883766 1.016625 0.000131
49.927319 1.016268 0.000131
49.957348 1.016909 0.000212
49.966288 1.016743 0.000734
49.967663 1.016984 0.000734
49.969038 1.017327 0.000734
49.970414 1.013910 0.000734
49.971789 1.008388 0.000733
49.973164 1.007852 0.000732
49.974540 1.004127 0.000732
49.975915 1.002275 0.000731
49.977290 1.001475 0.000731
49.978666 0.999596 0.000731
49.980041 0.999171 0.000730
49.981416 0.996028 0.000730
49.982792 0.997433 0.000730
49.984167 0.995760 0.000730
49.985542 0.997389 0.000730
49.986918 0.996716 0.000730
49.988293 0.996246 0.000730
49.989669 0.995058 0.000730
49.991044 0.994837 0.000730
49.992419 0.994976 0.000730
49.993795 0.995400 0.000730
49.995170 0.994387 0.000730
49.996545 0.994006 0.000730
49.997921 0.994745 0.000730
49.999296 0.996389 0.000730
50.000671 0.995423 0.000730
50.002047 0.994352 0.000730
50.003422 0.995897 0.000730
50.004797 0.995632 0.000730
50.006173 0.996165 0.000730
50.007548 0.993513 0.000730
50.008924 0.995015 0.000730
50.010299 0.996941 0.000730
50.011674 0.995753 0.000730
50.013050 0.996552 0.000730
50.014425 0.997411 0.000730
50.015800 0.996324 0.000730
50.017176 0.995352 0.000731
50.018551 0.996544 0.000731
50.019926 0.998482 0.000731
50.021302 0.997923 0.000731
50.022677 0.999394 0.000732
50.024052 1.001127 0.000732
50.025428 1.002600 0.000732
50.026803 1.006762 0.000732
50.028179 1.010774 0.000733
50.029554 1.014969 0.000733
50.030929 1.017945 0.000733
50.032305 1.015727 0.000734
50.033680 1.015703 0.000734
50.034597 1.015090 0.001272
50.055462 1.017125 0.000139
50.100156 1.017517 0.000131
50.143708 1.017423 0.000131
50.187261 1.018091 0.000131
50.230814 1.018263 0.000131
50.274367 1.018470 0.000131
50.317920 1.018605 0.000131
50.361473 1.019060 0.000131
50.405026 1.019374 0.000131
50.448579 1.019621 0.000131
50.492132 1.019481 0.000131
50.535685 1.019939 0.000131
50.579238 1.019961 0.000131
50.622791 1.020290 0.000131
50.666344 1.020486 0.000131
50.709897 1.020707 0.000131
50.753450 1.020488 0.000131
50.797003 1.020511 0.000131
50.840556 1.020577 0.000131
50.884109 1.020429 0.000131
50.927662 1.020533 0.000131
50.957461 1.020425 0.000215
50.966172 1.020356 0.000734
50.967547 1.020993 0.000734
50.968923 1.020543 0.000734
50.970298 1.018765 0.000734
50.971673 1.014735 0.000733
50.973049 1.011817 0.000733
50.974424 1.006878 0.000733
50.975800 1.005098 0.000733
50.977175 1.003081 0.000733
50.978550 1.001331 0.000732
50.979926 1.001547 0.000732
50.981301 1.000954 0.000732
50.982676 0.999438 0.000732
50.984052 1.000978 0.000731
50.985427 0.999244 0.000731
50.986802 0.998974 0.000731
50.988178 0.998935 0.000731
50.989553 0.997753 0.000731
50.990928 0.998403 0.000731
50.992304 0.999605 0.000731
50.993679 0.999428 0.000731
50.995055 1.000023 0.000731
50.996430 1.000763 0.000731
50.997805 0.999438 0.000731
50.999181 0.999703 0.000731
51.000556 0.998748 0.000731
51.001931 0.996478 0.000731
51.003307 0.998410 0.000731
51.004682 0.999640 0.000731
51.006057 0.999230 0.000731
51.007433 0.999646 0.000731
51.008808 0.999939 0.000731
51.010184 0.998612 0.000731
51.011559 0.998683 0.000731
51.012934 0.999416 0.000731
51.014310 1.000359 0.000731
51.015685 0.999016 0.000731
51.017060 1.000729 0.000731
51.018436 1.000269 0.000732
51.019811 1.002021 0.000732
51.021186 1.003014 0.000732
51.022562 1.004325 0.000733
51.023937 1.002347 0.000733
51.025312 1.005957 0.000734
51.026688 1.010819 0.000734
51.028063 1.013726 0.000734
51.029439 1.016509 0.000734
51.030814 1.021136 0.000735
51.032189 1.020828 0.000735
51.033565 1.020388 0.000735
51.034482 1.020547 0.001273
51.056487 1.020345 0.000131
51.100040 1.020494 0.000131
51.143593 1.020174 0.000131
51.187146 1.020091 0.000131
51.230699 1.019601 0.000131
51.274252 1.019727 0.000131
51.317805 1.019730 0.000131
51.361358 1.019665 0.000131
51.404911 1.019658 0.000131
51.448464 1.019312 0.000131
51.492017 1.019338 0.000131
51.535570 1.019485 0.000131
51.579123 1.019282 0.000131
51.622676 1.019125 0.000131
51.666229 1.019042 0.000131
51.709782 1.018960 0.000131
51.753335 1.018827 0.000131
51.796888 1.018779 0.000131
51.840441 1.018457 0.000131
51.883995 1.018162 0.000131
51.927548 1.017905 0.000131
51.957347 1.017874 0.000215
51.966058 1.018308 0.000734
51.967433 1.017450 0.000734
51.968808 1.017122 0.000734
51.970184 1.013920 0.000733
51.971559 1.011365 0.000733
51.972934 1.009086 0.000733
51.974310 1.004468 0.000732
51.975685 1.001732 0.000732
51.977060 1.000407 0.000731
51.978436 1.000517 0.000731
51.979811 0.998866 0.000731
51.981187 0.997707 0.000731
51.982562 0.997405 0.000731
51.983937 0.997810 0.000731
51.985313 0.997453 0.000731
51.986688 0.998946 0.000731
51.988063 0.997713 0.000731
51.989439 0.997096 0.000731
51.990814 0.996966 0.000731
51.992189 0.996982 0.000731
51.993565 0.995024 0.000730
51.994940 0.996168 0.000730
51.996315 0.996346 0.000730
51.997691 0.994993 0.000730
51.999066 0.996159 0.000730
52.000442 0.994601 0.000730
52.001817 0.994327 0.000730
52.003192 0.993993 0.000730
52.004568 0.996225 0.000730
52.005943 0.995632 0.000730
52.007318 0.996012 0.000730
52.008694 0.995678 0.000730
52.010069 0.994995 0.000730
52.011444 0.995478 0.000730
52.012820 0.996336 0.000730
52.014195 0.998058 0.000730
52.015571 0.997919 0.000731
52.016946 0.998444 0.000731
52.018321 1.000027 0.000731
52.019697 0.999507 0.000731
52.021072 1.000915 0.000732
52.022447 0.998123 0.000732
52.023823 1.002046 0.000733
52.025198 1.002269 0.000733
52.026573 1.006912 0.000734
52.027949 1.010898 0.000734
52.029324 1.013991 0.000735
52.030700 1.016186 0.000735
52.032075 1.017700 0.000735
52.033450 1.016790 0.000735
52.034367 1.017276 0.001273
52.054152 1.017220 0.000139
52.099926 1.017094 0.000131
52.143479 1.017136 0.000131
52.187032 1.017068 0.000131
52.230585 1.016768 0.000131
52.274138 1.016659 0.000131
52.317691 1.016807 0.000131
52.361244 1.016019 0.000130
52.404797 1.016064 0.000131
52.448350 1.016225 0.000130
52.491903 1.015724 0.000130
52.535456 1.015587 0.000130
52.579009 1.015570 0.000130
52.622563 1.015355 0.000130
52.666116 1.015436 0.000130
52.709669 1.015255 0.000130
52.753222 1.015291 0.000130
52.796775 1.015371 0.000130
52.840328 1.015660 0.000130
52.883881 1.015623 0.000130
52.927434 1.015770 0.000130
52.957233 1.015926 0.000215
52.965944 1.016053 0.000734
52.967319 1.016751 0.000734
52.968695 1.016291 0.000734
52.970070 1.015528 0.000734
52.971446 1.009996 0.000733
52.972821 1.005578 0.000733
52.974196 1.002046 0.000732
52.975572 0.999286 0.000732
52.976947 0.999302 0.000731
52.978322 0.999160 0.000731
52.979698 0.996129 0.000730
52.981073 0.996956 0.000730
52.982448 0.996473 0.000730
52.983824 0.996324 0.000730
52.985199 0.996607 0.000730
52.986575 0.995994 0.000730
52.987950 0.996147 0.000730
52.989325 0.996085 0.000730
52.990701 0.995360 0.000730
52.992076 0.994918 0.000730
52.993451 0.995103 0.000730
52.994827 0.994904 0.000730
52.996202 0.994844 0.000730
52.997577 0.994208 0.000730
52.998953 0.992147 0.000730
53.000328 0.992903 0.000730
53.001704 0.993948 0.000730
53.003079 0.994468 0.000730
53.004454 0.994870 0.000730
53.005830 0.995409 0.000730
53.007205 0.995478 0.000730
53.008580 0.996892 0.000730
53.009956 0.997373 0.000730
53.011331 0.996698 0.000730
53.012706 0.997003 0.000731
53.014082 0.996240 0.000731
53.015457 0.995626 0.000731
53.016832 0.996557 0.000731
53.018208 0.996256 0.000731
53.019583 0.997586 0.000730
53.020959 0.996791 0.000730
53.022334 0.997978 0.000730
53.023709 0.998508 0.000731
53.025085 1.003139 0.000731
53.026460 1.006738 0.000732
53.027835 1.008046 0.000732
53.029211 1.013078 0.000733
53.030586 1.016079 0.000733
53.031961 1.017678 0.000734
53.033337 1.016949 0.000734
53.034254 1.018636 0.001272
53.056259 1.016695 0.000130
53.099813 1.017150 0.000130
53.143366 1.017254 0.000130
53.186919 1.018203 0.000131
53.230472 1.018343 0.000130
53.274025 1.018742 0.000131
53.317578 1.019442 0.000131
53.361131 1.019813 0.000131
53.404684 1.020482 0.000131
53.448237 1.021481 0.000131
53.491790 1.021437 0.000131
53.535343 1.022254 0.000131
53.578897 1.022839 0.000131
53.622450 1.024060 0.000131
53.666003 1.024306 0.000131
53.709556 1.025206 0.000131
53.753109 1.025907 0.000131
53.796662 1.026771 0.000131
53.840215 1.026988 0.000131
53.883768 1.027985 0.000131
53.927321 1.028551 0.000131
53.957350 1.029140 0.000213
53.966290 1.029105 0.000736
53.967665 1.029209 0.000736
53.969041 1.028633 0.000736
53.970416 1.026530 0.000736
53.971791 1.022403 0.000736
53.973167 1.019704 0.000735
53.974542 1.015095 0.000735
53.975918 1.013558 0.000734
53.977293 1.011607 0.000733
53.978668 1.010984 0.000733
53.980044 1.010064 0.000733
53.981419 1.007941 0.000732
53.982794 1.008815 0.000732
53.984170 1.007941 0.000732
53.985545 1.007612 0.000732
53.986920 1.006916 0.000732
53.988296 1.006392 0.000732
53.989671 1.007126 0.000732
53.991047 1.006353 0.000732
53.992422 1.007235 0.000732
53.993797 1.007142 0.000732
53.995173 1.007566 0.000732
53.996548 1.007339 0.000732
53.997923 1.007997 0.000732
53.999299 1.007862 0.000732
54.000674 1.006881 0.000732
54.002049 1.007856 0.000732
54.003425 1.007669 0.000732
54.004800 1.008862 0.000732
54.006176 1.007150 0.000732
54.007551 1.009647 0.000732
54.008926 1.009417 0.000732
54.010302 1.008522 0.000732
54.011677 1.008645 0.000732
54.013052 1.009193 0.000733
54.014428 1.010313 0.000733
54.015803 1.010065 0.000733
54.017178 1.009960 0.000733
54.018554 1.010575 0.000733
54.019929 1.009204 0.000734
54.021305 1.012412 0.000734
54.022680 1.012145 0.000734
54.024055 1.014379 0.000735
54.025431 1.017852 0.000735
54.026806 1.020609 0.000735
54.028181 1.023849 0.000736
54.029557 1.027193 0.000736
54.030932 1.029762 0.000736
54.032307 1.029504 0.000736
54.033683 1.028675 0.000736
54.034600 1.029122 0.001276
54.056605 1.029862 0.000131
54.102620 1.030516 0.000139
54.143712 1.031329 0.000131
54.187265 1.031467 0.000131
54.230818 1.032102 0.000131
54.274371 1.032132 0.000131
54.317924 1.032335 0.000131
54.361477 1.032660 0.000131
54.405030 1.032565 0.000131
54.448584 1.032615 0.000131
54.492137 1.032269 0.000131
54.535690 1.032383 0.000131
54.579243 1.032075 0.000131
54.622796 1.031878 0.000131
54.666349 1.031518 0.000131
54.709902 1.031299 0.000131
54.753456 1.030622 0.000131
54.797009 1.030162 0.000131
54.840562 1.029583 0.000131
54.884115 1.029113 0.000131
54.927668 1.028666 0.000131
54.957468 1.028125 0.000216
54.966178 1.029356 0.000735
54.967554 1.028697 0.000735
54.968929 1.027099 0.000735
54.970304 1.024492 0.000734
54.971680 1.020997 0.000734
54.973055 1.018105 0.000734
54.974431 1.013131 0.000733
54.975806 1.010518 0.000733
54.977181 1.012375 0.000733
54.978557 1.011255 0.000733
54.979932 1.010576 0.000733
54.981307 1.008952 0.000733
54.982683 1.009110 0.000733
54.984058 1.008982 0.000733
54.985434 1.009984 0.000732
54.986809 1.009570 0.000732
54.988184 1.006064 0.000732
54.989560 1.005960 0.000732
54.990935 1.005909 0.000732
54.992310 1.005750 0.000732
54.993686 1.004392 0.000731
54.995061 1.005341 0.000731
54.996436 1.003904 0.000731
54.997812 1.003303 0.000731
54.999187 1.003344 0.000731
55.000562 1.004117 0.000731
55.001938 1.004128 0.000731
55.003313 1.004500 0.000731
55.004689 1.005153 0.000731
55.006064 1.004487 0.000731
55.007439 1.004318 0.000731
55.008815 1.004342 0.000731
55.010190 1.004774 0.000732
55.011565 1.004736 0.000732
55.012941 1.005288 0.000732
55.014316 1.006895 0.000732
55.015691 1.007853 0.000732
55.017067 1.006039 0.000732
55.018442 1.006110 0.000732
55.019818 1.008299 0.000733
55.021193 1.008940 0.000733
55.022568 1.009462 0.000733
55.023944 1.010571 0.000733
55.025319 1.013205 0.000734
55.026694 1.016357 0.000734
55.028070 1.021101 0.000734
55.029445 1.022831 0.000735
55.030820 1.025907 0.000735
55.032196 1.026453 0.000735
55.033571 1.026030 0.000735
55.034488 1.027998 0.001273
55.056494 1.026298 0.000131
55.100047 1.025460 0.000131
55.143600 1.024336 0.000131
55.187153 1.023809 0.000131
55.230707 1.022797 0.000131
55.274260 1.021710 0.000131
55.317813 1.020914 0.000131
55.361366 1.019534 0.000131
55.404919 1.018543 0.000130
55.448472 1.017536 0.000130
55.492026 1.016420 0.000130
55.535579 1.015875 0.000130
55.579132 1.015082 0.000130
55.622685 1.013919 0.000130
55.666238 1.013019 0.000130
55.709792 1.012137 0.000130
55.753345 1.010882 0.000130
55.796898 1.010414 0.000130
55.840451 1.009365 0.000130
55.884004 1.008766 0.000130
55.927558 1.008060 0.000130
55.957357 1.007411 0.000214
55.966068 1.007382 0.000732
55.967443 1.006735 0.000732
55.968818 1.006035 0.000731
55.970194 1.004576 0.000730
55.971569 1.002344 0.000730
55.972945 0.997605 0.000729
55.974320 0.995396 0.000729
55.975695 0.990611 0.000728
55.977071 0.988965 0.000728
55.978446 0.988990 0.000728
55.979821 0.988397 0.000728
55.981197 0.988653 0.000727
55.982572 0.986939 0.000727
55.983947 0.987861 0.000727
55.985323 0.987375 0.000727
55.986698 0.986191 0.000727
55.988074 0.987020 0.000727
55.989449 0.985956 0.000727
55.990824 0.985705 0.000727
55.992200 0.985998 0.000727
55.993575 0.985915 0.000727
55.994950 0.984334 0.000727
55.996326 0.986199 0.000727
55.997701 0.986437 0.000727
55.999077 0.987819 0.000727
56.000452 0.986542 0.000727
56.001827 0.987416 0.000727
56.003203 0.988170 0.000727
56.004578 0.987768 0.000727
56.005953 0.990172 0.000727
56.007329 0.988841 0.000727
56.008704 0.987343 0.000727
56.010079 0.986814 0.000727
56.011455 0.985169 0.000727
56.012830 0.986552 0.000727
56.014206 0.987198 0.000728
56.015581 0.987280 0.000728
56.016956 0.985555 0.000728
56.018332 0.986028 0.000728
56.019707 0.986380 0.000728
56.021082 0.988471 0.000728
56.022458 0.988577 0.000729
56.023833 0.989345 0.000729
56.025208 0.992802 0.000729
56.026584 0.997296 0.000730
56.027959 0.999224 0.000730
56.029335 1.003075 0.000730
56.030710 1.005322 0.000731
56.032085 1.006332 0.000731
56.033461 1.007043 0.000731
56.034378 1.006490 0.001266
56.056383 1.006707 0.000130
56.101317 1.005759 0.000138
56.143490 1.005881 0.000130
56.187043 1.005207 0.000130
56.230596 1.004798 0.000130
56.274149 1.004741 0.000130
56.317703 1.004605 0.000130
56.361256 1.004333 0.000130
56.404809 1.004214 0.000130
56.448362 1.004239 0.000130
56.491915 1.004213 0.000130
56.535469 1.004487 0.000130
56.579022 1.004277 0.000130
56.622575 1.004683 0.000130
56.666128 1.004790 0.000130
56.709682 1.005418 0.000130
56.753235 1.005939 0.000130
56.796788 1.006159 0.000130
56.840341 1.006502 0.000130
56.883895 1.006825 0.000130
56.927448 1.007479 0.000130
56.957247 1.007893 0.000214
56.965958 1.008457 0.000732
56.967333 1.008465 0.000732
56.968709 1.007700 0.000732
56.970084 1.007133 0.000731
56.971459 1.002397 0.000731
56.972835 0.999595 0.000730
56.974210 0.996659 0.000730
56.975586 0.992982 0.000729
56.976961 0.990362 0.000729
56.978336 0.990437 0.000728
56.979712 0.988541 0.000728
56.981087 0.989075 0.000728
56.982462 0.988551 0.000728
56.983838 0.988368 0.000728
56.985213 0.988460 0.000728
56.986588 0.988886 0.000728
56.987964 0.989351 0.000728
56.989339 0.989339 0.000727
56.990715 0.988879 0.000727
56.992090 0.988123 0.000727
56.993465 0.987371 0.000727
56.994841 0.987597 0.000727
56.996216 0.987005 0.000727
56.997591 0.986726 0.000727
56.998967 0.986274 0.000727
57.000342 0.986380 0.000727
57.001717 0.985031 0.000726
57.003093 0.988159 0.000727
57.004468 0.987359 0.000727
57.005844 0.986266 0.000727
57.007219 0.986149 0.000727
57.008594 0.985747 0.000727
57.009970 0.987215 0.000727
57.011345 0.989266 0.000728
57.012720 0.988619 0.000728
57.014096 0.989835 0.000728
57.015471 0.988528 0.000728
57.016847 0.989409 0.000728
57.018222 0.988464 0.000728
57.019597 0.991970 0.000728
57.020973 0.992281 0.000728
57.022348 0.993294 0.000728
57.023723 0.994636 0.000728
57.025099 0.996453 0.000728
57.026474 0.998386 0.000729
57.027849 1.000683 0.000729
57.029225 1.005119 0.000730
57.030600 1.008307 0.000730
57.031976 1.008162 0.000731
57.033351 1.009062 0.000731
57.034268 1.010531 0.001267
57.056274 1.008939 0.000130
57.099827 1.009966 0.000130
57.143380 1.010574 0.000130
57.186933 1.010975 0.000130
57.230487 1.011648 0.000130
57.274040 1.012362 0.000130
57.317593 1.012726 0.000130
57.361146 1.013088 0.000130
57.404700 1.013934 0.000130
57.448253 1.014262 0.000130
57.491806 1.014531 0.000130
57.535359 1.015059 0.000130
57.578913 1.015524 0.000130
57.622466 1.016116 0.000130
57.666019 1.016227 0.000130
57.709573 1.016584 0.000130
57.753126 1.017202 0.000130
57.796679 1.016988 0.000130
57.840232 1.017851 0.000130
57.883786 1.017682 0.000130
57.927339 1.018047 0.000130
57.957368 1.018141 0.000212
57.966308 1.018451 0.000733
57.967683 1.018372 0.000733
57.969058 1.017354 0.000733
57.970434 1.014344 0.000733
57.971809 1.011713 0.000732
57.973184 1.008317 0.000732
57.974560 1.003454 0.000732
57.975935 1.002529 0.000731
57.977311 1.000983 0.000731
57.978686 1.000073 0.000730
57.980061 1.001431 0.000730
57.981437 1.000816 0.000730
57.982812 0.997737 0.000729
57.984187 0.999071 0.000729
57.985563 0.998555 0.000729
57.986938 0.998548 0.000729
57.988313 0.997513 0.000729
57.989689 0.998398 0.000729
57.991064 0.997054 0.000729
57.992440 0.996143 0.000729
57.993815 0.995849 0.000729
57.995190 0.995112 0.000729
57.996566 0.994501 0.000729
57.997941 0.995282 0.000729
57.999316 0.996830 0.000729
58.000692 0.996964 0.000729
58.002067 0.997345 0.000729
58.003442 0.996150 0.000729
58.004818 0.995842 0.000729
58.006193 0.996848 0.000730
58.007569 0.997171 0.000730
58.008944 0.998851 0.000730
58.010319 0.997842 0.000730
58.011695 0.999082 0.000730
58.013070 0.998145 0.000730
58.014445 0.998721 0.000730
58.015821 1.000184 0.000730
58.017196 0.998217 0.000730
58.018572 1.000056 0.000730
58.019947 0.998881 0.000730
58.021322 0.998689 0.000731
58.022698 1.001106 0.000731
58.024073 1.001555 0.000731
58.025448 1.005846 0.000731
58.026824 1.008320 0.000731
58.028199 1.012353 0.000732
58.029574 1.016311 0.000732
58.030950 1.017678 0.000732
58.032325 1.017538 0.000733
58.033701 1.019234 0.000733
58.056165 1.018354 0.000130
58.100018 1.018588 0.000139
58.143271 1.018598 0.000130
58.186825 1.018845 0.000130
58.230378 1.018542 0.000130
58.273931 1.018597 0.000130
58.317485 1.018695 0.000130
58.361038 1.018653 0.000130
58.404591 1.018951 0.000130
58.448145 1.018647 0.000130
58.491698 1.018534 0.000130
58.535251 1.018688 0.000130
58.578804 1.018818 0.000130
58.622358 1.018373 0.000130
58.665911 1.018470 0.000130
58.709464 1.018584 0.000130
58.753018 1.018532 0.000130
58.796571 1.018583 0.000130
58.840124 1.018329 0.000130
58.883678 1.018770 0.000130
58.927231 1.018415 0.000130
58.957260 1.018757 0.000212
58.966200 1.018156 0.000733
58.967575 1.017615 0.000732
58.968950 1.019527 0.000732
58.970326 1.015266 0.000732
58.971701 1.013739 0.000731
58.973077 1.008734 0.000731
58.974452 1.005958 0.000731
58.975827 1.002670 0.000730
58.977203 1.001467 0.000730
58.978578 0.998642 0.000730
58.979953 0.999326 0.000730
58.981329 0.998142 0.000730
58.982704 0.998116 0.000730
58.984079 0.997685 0.000729
58.985455 0.997821 0.000729
58.986830 0.997223 0.000729
58.988206 0.996991 0.000729
58.989581 0.997015 0.000729
58.990956 0.998191 0.000729
58.992332 0.998411 0.000729
58.993707 0.997486 0.000729
58.995082 0.999066 0.000729
58.996458 0.998930 0.000729
58.997833 0.997099 0.000729
58.999209 0.997222 0.000729
59.000584 0.997734 0.000729
59.001959 0.997020 0.000729
59.003335 0.997606 0.000730
59.004710 0.997252 0.000730
59.006085 0.997745 0.000730
59.007461 0.997466 0.000730
59.008836 0.997691 0.000730
59.010211 0.997607 0.000730
59.011587 0.997673 0.000729
59.012962 0.996626 0.000729
59.014338 0.997696 0.000729
59.015713 0.998427 0.000729
59.017088 0.998481 0.000729
59.018464 0.998158 0.000729
59.019839 0.998848 0.000730
59.021214 1.000563 0.000730
59.022590 1.001728 0.000731
59.023965 1.003103 0.000732
59.025340 1.004385 0.000732
59.026716 1.008289 0.000733
59.028091 1.011475 0.000733
59.029467 1.016970 0.000734
59.030842 1.017300 0.000734
59.032217 1.019541 0.000734
59.033593 1.018604 0.000734
59.034510 1.020222 0.001271
59.056515 1.018289 0.000130
59.100069 1.018329 0.000130
59.143622 1.018209 0.000130
59.187175 1.018449 0.000130
59.230729 1.018580 0.000130
59.274282 1.018453 0.000130
59.317835 1.018754 0.000130
59.361389 1.019165 0.000130
59.404942 1.019202 0.000130
59.448495 1.019534 0.000130
59.492049 1.019661 0.000130
59.535602 1.019699 0.000130
59.579155 1.020027 0.000130
59.622709 1.020392 0.000130
59.666262 1.020580 0.000130
59.709815 1.020788 0.000130
59.753369 1.021391 0.000130
59.796922 1.021397 0.000131
59.840476 1.021800 0.000130
59.884029 1.021934 0.000130
59.927582 1.022198 0.000130
59.957382 1.022048 0.000215
59.966093 1.021374 0.000734
59.967468 1.021601 0.000734
59.968843 1.022461 0.000733
59.970219 1.021287 0.000732
59.971594 1.018148 0.000731
59.972969 1.013735 0.000730
59.974345 1.009745 0.000730
59.975720 1.008024 0.000729
59.977096 1.005221 0.000729
59.978471 1.003475 0.000729
59.979846 1.002957 0.000729
59.981222 1.003191 0.000729
59.982597 1.004181 0.000729
59.983972 1.005366 0.000729
59.985348 1.002677 0.000729
59.986723 1.003025 0.000729
59.988098 1.002037 0.000729
59.989474 1.003136 0.000729
59.990849 1.001454 0.000729
59.992225 1.001483 0.000729
59.993600 0.999729 0.000729
59.994975 1.001513 0.000729
59.996351 1.000188 0.000729
59.997726 0.999638 0.000729
59.999101 0.998893 0.000729
60.000477 0.999461 0.000729
60.001852 0.998597 0.000729
60.003228 1.000780 0.000729
60.004603 1.000813 0.000729
60.005978 1.000605 0.000729
60.007354 0.999429 0.000729
60.008729 0.999769 0.000728
60.010104 0.999753 0.000728
60.011480 1.001447 0.000729
60.012855 1.001989 0.000729
60.014230 1.003185 0.000729
60.015606 1.002636 0.000730
60.016981 1.005717 0.000730
60.018357 1.004022 0.000730
60.019732 1.004770 0.000730
60.021107 1.005795 0.000730
60.022483 1.006001 0.000730
60.023858 1.005714 0.000731
60.025233 1.009520 0.000731
60.026609 1.011330 0.000731
60.027984 1.015031 0.000732
60.029360 1.020023 0.000732
60.030735 1.022655 0.000733
60.032110 1.021570 0.000733
60.033486 1.022020 0.000734
60.034403 1.023406 0.001271
60.056408 1.023037 0.000131
60.099241 1.023340 0.000139
60.143515 1.024050 0.000130
60.187069 1.024241 0.000130
60.230622 1.024228 0.000130
60.257900 1.024496 0.000260
